<?xml version="1.0" encoding="UTF-8"?>
<testng-results skipped="0" failed="0" total="1" passed="1">
  <reporter-output>
  </reporter-output>
  <suite name="Default suite" duration-ms="32506" started-at="2018-04-27T11:33:19Z" finished-at="2018-04-27T11:33:52Z">
    <groups>
    </groups>
    <test name="Default test" duration-ms="32506" started-at="2018-04-27T11:33:19Z" finished-at="2018-04-27T11:33:52Z">
      <class name="testCases.LoginPage">
        <test-method status="PASS" signature="beforeSuite()[pri:0, instance:testCases.LoginPage@66d18979]" name="beforeSuite" is-config="true" duration-ms="400" started-at="2018-04-27T17:03:19Z" finished-at="2018-04-27T17:03:19Z">
          <reporter-output>
          </reporter-output>
        </test-method> <!-- beforeSuite -->
        <test-method status="PASS" signature="executeScript()[pri:0, instance:testCases.LoginPage@66d18979]" name="executeScript" duration-ms="32493" started-at="2018-04-27T17:03:19Z" finished-at="2018-04-27T17:03:52Z">
          <reporter-output>
          </reporter-output>
        </test-method> <!-- executeScript -->
        <test-method status="PASS" signature="afterSuite()[pri:0, instance:testCases.LoginPage@66d18979]" name="afterSuite" is-config="true" duration-ms="6916" started-at="2018-04-27T17:03:52Z" finished-at="2018-04-27T17:03:59Z">
          <reporter-output>
          </reporter-output>
        </test-method> <!-- afterSuite -->
      </class> <!-- testCases.LoginPage -->
    </test> <!-- Default test -->
  </suite> <!-- Default suite -->
</testng-results>
